[debug] [2024-10-18T15:55:36.171Z] ----------------------------------------------------------------------
[debug] [2024-10-18T15:55:36.174Z] Command:       C:\Program Files\nodejs\node.exe C:\Users\hadiy\AppData\Roaming\npm\node_modules\firebase-tools\lib\bin\firebase.js init
[debug] [2024-10-18T15:55:36.175Z] CLI Version:   13.22.1
[debug] [2024-10-18T15:55:36.175Z] Platform:      win32
[debug] [2024-10-18T15:55:36.175Z] Node Version:  v23.0.0
[debug] [2024-10-18T15:55:36.175Z] Time:          Fri Oct 18 2024 20:55:36 GMT+0500 (Pakistan Standard Time)
[debug] [2024-10-18T15:55:36.175Z] ----------------------------------------------------------------------
[debug] 
[debug] [2024-10-18T15:55:36.183Z] > command requires scopes: ["email","openid","https://www.googleapis.com/auth/cloudplatformprojects.readonly","https://www.googleapis.com/auth/firebase","https://www.googleapis.com/auth/cloud-platform"]
[debug] [2024-10-18T15:55:36.184Z] > authorizing via signed-in user (hadiya8149@gmail.com)
[info] 
     ######## #### ########  ######## ########     ###     ######  ########
     ##        ##  ##     ## ##       ##     ##  ##   ##  ##       ##
     ######    ##  ########  ######   ########  #########  ######  ######
     ##        ##  ##    ##  ##       ##     ## ##     ##       ## ##
     ##       #### ##     ## ######## ########  ##     ##  ######  ########

You're about to initialize a Firebase project in this directory:

  C:\xampp\htdocs\New folder\food-pro

Before we get started, keep in mind:

  * You are currently outside your home directory

